<?xml version="1.0" encoding="UTF-8"?>
<!-- Generated by org.testng.reporters.JUnitXMLReporter -->
<testsuite hostname="Safdar-PC" ignored="2" name="Hub Spot Functional Regression Test - FF" tests="6" failures="3" timestamp="2020-05-09T15:25:54 IST" time="38.226" errors="0">
  <testcase name="@BeforeTest setUp" time="4.929" classname="com.qa.hubspot.tests.HomePageTest">
    <failure type="org.openqa.selenium.SessionNotCreatedException" message="session not created
from chrome not reachable
  (Session info: chrome=81.0.4044.138)
Build info: version: &amp;apos;3.141.59&amp;apos;, revision: &amp;apos;e82be7d358&amp;apos;, time: &amp;apos;2018-11-14T08:17:03&amp;apos;
System info: host: &amp;apos;SAFDAR-PC&amp;apos;, ip: &amp;apos;192.168.1.162&amp;apos;, os.name: &amp;apos;Windows 7&amp;apos;, os.arch: &amp;apos;amd64&amp;apos;, os.version: &amp;apos;6.1&amp;apos;, java.version: &amp;apos;1.8.0_251&amp;apos;
Driver info: driver.version: ChromeDriver
remote stacktrace: Backtrace:
	Ordinal0 [0x01205E93+2449043]
	Ordinal0 [0x01138281+1606273]
	Ordinal0 [0x0102F732+522034]
	Ordinal0 [0x010294D2+496850]
	Ordinal0 [0x01029BBB+498619]
	Ordinal0 [0x0102AB15+502549]
	Ordinal0 [0x01026644+484932]
	Ordinal0 [0x01030520+525600]
	Ordinal0 [0x00FDCBB9+183225]
	Ordinal0 [0x00FDBF2D+180013]
	Ordinal0 [0x00FD9E5B+171611]
	Ordinal0 [0x00FC1DD8+73176]
	Ordinal0 [0x00FC2E50+77392]
	Ordinal0 [0x00FC2DE9+77289]
	Ordinal0 [0x0114D7F7+1693687]
	GetHandleVerifier [0x012A4576+522742]
	GetHandleVerifier [0x012A42B4+522036]
	GetHandleVerifier [0x012B9587+608775]
	GetHandleVerifier [0x012A4DE6+524902]
	Ordinal0 [0x01145BDC+1661916]
	Ordinal0 [0x0114F15B+1700187]
	Ordinal0 [0x0114F2C3+1700547]
	Ordinal0 [0x01165135+1790261]
	BaseThreadInitThunk [0x758A344D+18]
	RtlInitializeExceptionChain [0x771C9802+99]
	RtlInitializeExceptionChain [0x771C97D5+54]
">
      <![CDATA[org.openqa.selenium.SessionNotCreatedException: session not created
from chrome not reachable
  (Session info: chrome=81.0.4044.138)
Build info: version: '3.141.59', revision: 'e82be7d358', time: '2018-11-14T08:17:03'
System info: host: 'SAFDAR-PC', ip: '192.168.1.162', os.name: 'Windows 7', os.arch: 'amd64', os.version: '6.1', java.version: '1.8.0_251'
Driver info: driver.version: ChromeDriver
remote stacktrace: Backtrace:
Ordinal0 [0x01205E93+2449043]
Ordinal0 [0x01138281+1606273]
Ordinal0 [0x0102F732+522034]
Ordinal0 [0x010294D2+496850]
Ordinal0 [0x01029BBB+498619]
Ordinal0 [0x0102AB15+502549]
Ordinal0 [0x01026644+484932]
Ordinal0 [0x01030520+525600]
Ordinal0 [0x00FDCBB9+183225]
Ordinal0 [0x00FDBF2D+180013]
Ordinal0 [0x00FD9E5B+171611]
Ordinal0 [0x00FC1DD8+73176]
Ordinal0 [0x00FC2E50+77392]
Ordinal0 [0x00FC2DE9+77289]
Ordinal0 [0x0114D7F7+1693687]
GetHandleVerifier [0x012A4576+522742]
GetHandleVerifier [0x012A42B4+522036]
GetHandleVerifier [0x012B9587+608775]
GetHandleVerifier [0x012A4DE6+524902]
Ordinal0 [0x01145BDC+1661916]
Ordinal0 [0x0114F15B+1700187]
Ordinal0 [0x0114F2C3+1700547]
Ordinal0 [0x01165135+1790261]
BaseThreadInitThunk [0x758A344D+18]
RtlInitializeExceptionChain [0x771C9802+99]
RtlInitializeExceptionChain [0x771C97D5+54]

at org.openqa.selenium.remote.W3CHandshakeResponse.lambda$errorHandler$0(W3CHandshakeResponse.java:62)
at org.openqa.selenium.remote.HandshakeResponse.lambda$getResponseFunction$0(HandshakeResponse.java:30)
at org.openqa.selenium.remote.ProtocolHandshake.lambda$createSession$0(ProtocolHandshake.java:126)
at java.util.stream.ReferencePipeline$3$1.accept(Unknown Source)
at java.util.Spliterators$ArraySpliterator.tryAdvance(Unknown Source)
at java.util.stream.ReferencePipeline.forEachWithCancel(Unknown Source)
at java.util.stream.AbstractPipeline.copyIntoWithCancel(Unknown Source)
at java.util.stream.AbstractPipeline.copyInto(Unknown Source)
at java.util.stream.AbstractPipeline.wrapAndCopyInto(Unknown Source)
at java.util.stream.FindOps$FindOp.evaluateSequential(Unknown Source)
at java.util.stream.AbstractPipeline.evaluate(Unknown Source)
at java.util.stream.ReferencePipeline.findFirst(Unknown Source)
at org.openqa.selenium.remote.ProtocolHandshake.createSession(ProtocolHandshake.java:128)
at org.openqa.selenium.remote.ProtocolHandshake.createSession(ProtocolHandshake.java:74)
at org.openqa.selenium.remote.HttpCommandExecutor.execute(HttpCommandExecutor.java:136)
at org.openqa.selenium.remote.service.DriverCommandExecutor.execute(DriverCommandExecutor.java:83)
at org.openqa.selenium.remote.RemoteWebDriver.execute(RemoteWebDriver.java:552)
at org.openqa.selenium.remote.RemoteWebDriver.startSession(RemoteWebDriver.java:213)
at org.openqa.selenium.remote.RemoteWebDriver.<init>(RemoteWebDriver.java:131)
at org.openqa.selenium.chrome.ChromeDriver.<init>(ChromeDriver.java:181)
at org.openqa.selenium.chrome.ChromeDriver.<init>(ChromeDriver.java:168)
at org.openqa.selenium.chrome.ChromeDriver.<init>(ChromeDriver.java:157)
at com.qa.hubspot.base.BasePage.init_driver(BasePage.java:50)
at com.qa.hubspot.tests.HomePageTest.setUp(HomePageTest.java:37)
... Removed 28 stack frames]]>
    </failure>
  </testcase> <!-- @BeforeTest setUp -->
  <testcase name="@BeforeTest setUp" time="-1.589018153053E9" classname="com.qa.hubspot.tests.LoginPageTest">
    <skipped/>
  </testcase> <!-- @BeforeTest setUp -->
  <testcase name="@AfterTest tearDown" time="-1.589018154114E9" classname="com.qa.hubspot.tests.ContactsPageTest">
    <skipped/>
  </testcase> <!-- @AfterTest tearDown -->
  <testcase name="@AfterTest tearDown" time="-1.589018154116E9" classname="com.qa.hubspot.tests.HomePageTest">
    <skipped/>
  </testcase> <!-- @AfterTest tearDown -->
  <testcase name="@AfterTest tearDown" time="-1.589018154117E9" classname="com.qa.hubspot.tests.LoginPageTest">
    <skipped/>
  </testcase> <!-- @AfterTest tearDown -->
  <testcase name="VerifyHomePageTitleTest" time="0.0" classname="com.qa.hubspot.tests.HomePageTest">
    <skipped/>
  </testcase> <!-- VerifyHomePageTitleTest -->
  <testcase name="VerifyHomePageTitleTest" time="0.104" classname="com.qa.hubspot.tests.HomePageTest">
    <failure type="java.lang.NullPointerException">
      <![CDATA[java.lang.NullPointerException
at com.qa.hubspot.base.BasePage.getScreenshot(BasePage.java:121)
at com.qa.hubspot.listeners.ExtentReportListener.onTestSkipped(ExtentReportListener.java:109)
at java.util.concurrent.ThreadPoolExecutor.runWorker(Unknown Source)
at java.util.concurrent.ThreadPoolExecutor$Worker.run(Unknown Source)
at java.lang.Thread.run(Unknown Source)
... Removed 10 stack frames]]>
    </failure>
  </testcase> <!-- VerifyHomePageTitleTest -->
  <testcase name="verifyContactsPageTitle" time="0.0" classname="com.qa.hubspot.tests.ContactsPageTest">
    <skipped/>
  </testcase> <!-- verifyContactsPageTitle -->
  <testcase name="verifyContactsPageTitle" time="0.09" classname="com.qa.hubspot.tests.ContactsPageTest">
    <failure type="java.lang.NullPointerException">
      <![CDATA[java.lang.NullPointerException
at com.qa.hubspot.base.BasePage.getScreenshot(BasePage.java:121)
at com.qa.hubspot.listeners.ExtentReportListener.onTestSkipped(ExtentReportListener.java:109)
at java.util.concurrent.ThreadPoolExecutor.runWorker(Unknown Source)
at java.util.concurrent.ThreadPoolExecutor$Worker.run(Unknown Source)
at java.lang.Thread.run(Unknown Source)
... Removed 10 stack frames]]>
    </failure>
  </testcase> <!-- verifyContactsPageTitle -->
  <testcase name="verifyLoginPageTitleTest" time="0.001" classname="com.qa.hubspot.tests.LoginPageTest">
    <skipped/>
  </testcase> <!-- verifyLoginPageTitleTest -->
  <testcase name="verifyLoginPageTitleTest" time="0.121" classname="com.qa.hubspot.tests.LoginPageTest">
    <failure type="java.lang.NullPointerException">
      <![CDATA[java.lang.NullPointerException
at com.qa.hubspot.base.BasePage.getScreenshot(BasePage.java:121)
at com.qa.hubspot.listeners.ExtentReportListener.onTestSkipped(ExtentReportListener.java:109)
at java.util.concurrent.ThreadPoolExecutor.runWorker(Unknown Source)
at java.util.concurrent.ThreadPoolExecutor$Worker.run(Unknown Source)
at java.lang.Thread.run(Unknown Source)
... Removed 10 stack frames]]>
    </failure>
  </testcase> <!-- verifyLoginPageTitleTest -->
  <testcase name="verifySignUpLinkTest" time="0.0" classname="com.qa.hubspot.tests.LoginPageTest">
    <ignored/>
  </testcase> <!-- verifySignUpLinkTest -->
  <testcase name="loginTest" time="0.0" classname="com.qa.hubspot.tests.LoginPageTest">
    <ignored/>
  </testcase> <!-- loginTest -->
</testsuite> <!-- Hub Spot Functional Regression Test - FF -->
