<?xml version="1.0" encoding="UTF-8"?>
<!-- Generated by org.testng.reporters.JUnitXMLReporter -->
<testsuite hostname="DESKTOP-431RUTU" ignored="2" name="Hub Spot Functional Regression Test - chrome" tests="2" failures="2" timestamp="2020-07-18T12:14:15 IST" time="18.024" errors="0">
  <testcase name="verifyLoginPageTitleTest" time="0.202" classname="com.qa.linkedin.Tests.LoginPageTest">
    <failure type="java.lang.NullPointerException">
      <![CDATA[java.lang.NullPointerException
at java.lang.String.contains(Unknown Source)
at org.openqa.selenium.support.ui.ExpectedConditions$2.apply(ExpectedConditions.java:87)
at org.openqa.selenium.support.ui.ExpectedConditions$2.apply(ExpectedConditions.java:81)
at org.openqa.selenium.support.ui.FluentWait.until(FluentWait.java:249)
at com.qa.linkedin.Utils.ElementUtil.waitForTitleToBePresent(ElementUtil.java:206)
at com.qa.linkedin.Pages.LoginPage.getLoginPageTitle(LoginPage.java:34)
at com.qa.linkedin.Tests.LoginPageTest.verifyLoginPageTitleTest(LoginPageTest.java:47)
at java.util.concurrent.ThreadPoolExecutor.runWorker(Unknown Source)
at java.util.concurrent.ThreadPoolExecutor$Worker.run(Unknown Source)
at java.lang.Thread.run(Unknown Source)
... Removed 12 stack frames]]>
    </failure>
  </testcase> <!-- verifyLoginPageTitleTest -->
  <testcase name="verifyLoginPageTitleTest" time="0.262" classname="com.qa.linkedin.Tests.LoginPageTest">
    <failure type="java.lang.NullPointerException">
      <![CDATA[java.lang.NullPointerException
at com.qa.linkedin.Base.BasePage.getScreenshot(BasePage.java:121)
at com.qa.linkedin.Listeners.ExtentReportListener.onTestFailure(ExtentReportListener.java:97)
at java.util.concurrent.ThreadPoolExecutor.runWorker(Unknown Source)
at java.util.concurrent.ThreadPoolExecutor$Worker.run(Unknown Source)
at java.lang.Thread.run(Unknown Source)
... Removed 9 stack frames]]>
    </failure>
  </testcase> <!-- verifyLoginPageTitleTest -->
  <testcase name="verifySignUpLinkTest" time="0.0" classname="com.qa.linkedin.Tests.LoginPageTest">
    <ignored/>
  </testcase> <!-- verifySignUpLinkTest -->
  <testcase name="loginTest" time="0.0" classname="com.qa.linkedin.Tests.LoginPageTest">
    <ignored/>
  </testcase> <!-- loginTest -->
</testsuite> <!-- Hub Spot Functional Regression Test - chrome -->
